# JRE version: Java(TM) SE Runtime Environment (8.0_31-b13) (build 1.8.0_31-b13)
# Java VM: Java HotSpot(TM) 64-Bit Server VM (25.31-b07 mixed mode windows-amd64 compressed oops)
Heap:
 PSYoungGen      total 52736K, used 50408K [0x00000000eb380000, 0x00000000efa00000, 0x0000000100000000)
  eden space 44032K, 94% used [0x00000000eb380000,0x00000000edc3dd10,0x00000000ede80000)
  from space 8704K, 99% used [0x00000000ede80000,0x00000000ee6fc440,0x00000000ee700000)
  to   space 10752K, 0% used [0x00000000eef80000,0x00000000eef80000,0x00000000efa00000)
 ParOldGen       total 57856K, used 27771K [0x00000000c1a00000, 0x00000000c5280000, 0x00000000eb380000)
  object space 57856K, 48% used [0x00000000c1a00000,0x00000000c351ef08,0x00000000c5280000)
 Metaspace       used 11242K, capacity 11428K, committed 11648K, reserved 1058816K
  class space    used 1282K, capacity 1322K, committed 1408K, reserved 1048576K
GC Heap History (10 events):
Event: 9.290 GC heap before
{Heap before GC invocations=6 (full 1):
 PSYoungGen      total 35840K, used 35696K [0x00000000eb380000, 0x00000000ee080000, 0x0000000100000000)
  eden space 33280K, 100% used [0x00000000eb380000,0x00000000ed400000,0x00000000ed400000)
  from space 2560K, 94% used [0x00000000ed680000,0x00000000ed8dc3c8,0x00000000ed900000)
  to   space 2560K, 0% used [0x00000000ed400000,0x00000000ed400000,0x00000000ed680000)
 ParOldGen       total 57856K, used 16616K [0x00000000c1a00000, 0x00000000c5280000, 0x00000000eb380000)
  object space 57856K, 28% used [0x00000000c1a00000,0x00000000c2a3a3c8,0x00000000c5280000)
 Metaspace       used 9703K, capacity 9868K, committed 9984K, reserved 1058816K
  class space    used 1122K, capacity 1186K, committed 1280K, reserved 1048576K
Event: 9.293 GC heap after
Heap after GC invocations=6 (full 1):
 PSYoungGen      total 35840K, used 2378K [0x00000000eb380000, 0x00000000ee400000, 0x0000000100000000)
  eden space 33280K, 0% used [0x00000000eb380000,0x00000000eb380000,0x00000000ed400000)
  from space 2560K, 92% used [0x00000000ed400000,0x00000000ed6529b0,0x00000000ed680000)
  to   space 3584K, 0% used [0x00000000ee080000,0x00000000ee080000,0x00000000ee400000)
 ParOldGen       total 57856K, used 16616K [0x00000000c1a00000, 0x00000000c5280000, 0x00000000eb380000)
  object space 57856K, 28% used [0x00000000c1a00000,0x00000000c2a3a3c8,0x00000000c5280000)
 Metaspace       used 9703K, capacity 9868K, committed 9984K, reserved 1058816K
  class space    used 1122K, capacity 1186K, committed 1280K, reserved 1048576K
}
Event: 11.370 GC heap before
{Heap before GC invocations=7 (full 1):
 PSYoungGen      total 35840K, used 35658K [0x00000000eb380000, 0x00000000ee400000, 0x0000000100000000)
  eden space 33280K, 100% used [0x00000000eb380000,0x00000000ed400000,0x00000000ed400000)
  from space 2560K, 92% used [0x00000000ed400000,0x00000000ed6529b0,0x00000000ed680000)
  to   space 3584K, 0% used [0x00000000ee080000,0x00000000ee080000,0x00000000ee400000)
 ParOldGen       total 57856K, used 16616K [0x00000000c1a00000, 0x00000000c5280000, 0x00000000eb380000)
  object space 57856K, 28% used [0x00000000c1a00000,0x00000000c2a3a3c8,0x00000000c5280000)
 Metaspace       used 9715K, capacity 9868K, committed 9984K, reserved 1058816K
  class space    used 1122K, capacity 1186K, committed 1280K, reserved 1048576K
Event: 11.372 GC heap after
Heap after GC invocations=7 (full 1):
 PSYoungGen      total 43520K, used 2442K [0x00000000eb380000, 0x00000000ee300000, 0x0000000100000000)
  eden space 40960K, 0% used [0x00000000eb380000,0x00000000eb380000,0x00000000edb80000)
  from space 2560K, 95% used [0x00000000ee080000,0x00000000ee2e29b0,0x00000000ee300000)
  to   space 3584K, 0% used [0x00000000edc00000,0x00000000edc00000,0x00000000edf80000)
 ParOldGen       total 57856K, used 16624K [0x00000000c1a00000, 0x00000000c5280000, 0x00000000eb380000)
  object space 57856K, 28% used [0x00000000c1a00000,0x00000000c2a3c3c8,0x00000000c5280000)
 Metaspace       used 9715K, capacity 9868K, committed 9984K, reserved 1058816K
  class space    used 1122K, capacity 1186K, committed 1280K, reserved 1048576K
}
Event: 13.890 GC heap before
{Heap before GC invocations=8 (full 1):
 PSYoungGen      total 43520K, used 43402K [0x00000000eb380000, 0x00000000ee300000, 0x0000000100000000)
  eden space 40960K, 100% used [0x00000000eb380000,0x00000000edb80000,0x00000000edb80000)
  from space 2560K, 95% used [0x00000000ee080000,0x00000000ee2e29b0,0x00000000ee300000)
  to   space 3584K, 0% used [0x00000000edc00000,0x00000000edc00000,0x00000000edf80000)
 ParOldGen       total 57856K, used 16624K [0x00000000c1a00000, 0x00000000c5280000, 0x00000000eb380000)
  object space 57856K, 28% used [0x00000000c1a00000,0x00000000c2a3c3c8,0x00000000c5280000)
 Metaspace       used 9733K, capacity 9932K, committed 10240K, reserved 1058816K
  class space    used 1122K, capacity 1186K, committed 1280K, reserved 1048576K
Event: 13.892 GC heap after
Heap after GC invocations=8 (full 1):
 PSYoungGen      total 45056K, used 2506K [0x00000000eb380000, 0x00000000eeb00000, 0x0000000100000000)
  eden space 41472K, 0% used [0x00000000eb380000,0x00000000eb380000,0x00000000edc00000)
  from space 3584K, 69% used [0x00000000edc00000,0x00000000ede729b0,0x00000000edf80000)
  to   space 4096K, 0% used [0x00000000ee700000,0x00000000ee700000,0x00000000eeb00000)
 ParOldGen       total 57856K, used 16632K [0x00000000c1a00000, 0x00000000c5280000, 0x00000000eb380000)
  object space 57856K, 28% used [0x00000000c1a00000,0x00000000c2a3e3c8,0x00000000c5280000)
 Metaspace       used 9733K, capacity 9932K, committed 10240K, reserved 1058816K
  class space    used 1122K, capacity 1186K, committed 1280K, reserved 1048576K
}
Event: 15.326 GC heap before
{Heap before GC invocations=9 (full 1):
 PSYoungGen      total 45056K, used 43978K [0x00000000eb380000, 0x00000000eeb00000, 0x0000000100000000)
  eden space 41472K, 100% used [0x00000000eb380000,0x00000000edc00000,0x00000000edc00000)
  from space 3584K, 69% used [0x00000000edc00000,0x00000000ede729b0,0x00000000edf80000)
  to   space 4096K, 0% used [0x00000000ee700000,0x00000000ee700000,0x00000000eeb00000)
 ParOldGen       total 57856K, used 16632K [0x00000000c1a00000, 0x00000000c5280000, 0x00000000eb380000)
  object space 57856K, 28% used [0x00000000c1a00000,0x00000000c2a3e3c8,0x00000000c5280000)
 Metaspace       used 10767K, capacity 11012K, committed 11136K, reserved 1058816K
  class space    used 1225K, capacity 1290K, committed 1408K, reserved 1048576K
Event: 15.348 GC heap after
Heap after GC invocations=9 (full 1):
 PSYoungGen      total 48128K, used 4073K [0x00000000eb380000, 0x00000000ef700000, 0x0000000100000000)
  eden space 44032K, 0% used [0x00000000eb380000,0x00000000eb380000,0x00000000ede80000)
  from space 4096K, 99% used [0x00000000ee700000,0x00000000eeafa748,0x00000000eeb00000)
  to   space 8704K, 0% used [0x00000000ede80000,0x00000000ede80000,0x00000000ee700000)
 ParOldGen       total 57856K, used 26406K [0x00000000c1a00000, 0x00000000c5280000, 0x00000000eb380000)
  object space 57856K, 45% used [0x00000000c1a00000,0x00000000c33c9860,0x00000000c5280000)
 Metaspace       used 10767K, capacity 11012K, committed 11136K, reserved 1058816K
  class space    used 1225K, capacity 1290K, committed 1408K, reserved 1048576K
}
Event: 17.105 GC heap before
{Heap before GC invocations=10 (full 1):
 PSYoungGen      total 48128K, used 48105K [0x00000000eb380000, 0x00000000ef700000, 0x0000000100000000)
  eden space 44032K, 100% used [0x00000000eb380000,0x00000000ede80000,0x00000000ede80000)
  from space 4096K, 99% used [0x00000000ee700000,0x00000000eeafa748,0x00000000eeb00000)
  to   space 8704K, 0% used [0x00000000ede80000,0x00000000ede80000,0x00000000ee700000)
 ParOldGen       total 57856K, used 26406K [0x00000000c1a00000, 0x00000000c5280000, 0x00000000eb380000)
  object space 57856K, 45% used [0x00000000c1a00000,0x00000000c33c9940,0x00000000c5280000)
 Metaspace       used 11239K, capacity 11428K, committed 11648K, reserved 1058816K
  class space    used 1282K, capacity 1322K, committed 1408K, reserved 1048576K
Event: 17.117 GC heap after
Heap after GC invocations=10 (full 1):
 PSYoungGen      total 52736K, used 8689K [0x00000000eb380000, 0x00000000efa00000, 0x0000000100000000)
  eden space 44032K, 0% used [0x00000000eb380000,0x00000000eb380000,0x00000000ede80000)
  from space 8704K, 99% used [0x00000000ede80000,0x00000000ee6fc440,0x00000000ee700000)
  to   space 10752K, 0% used [0x00000000eef80000,0x00000000eef80000,0x00000000efa00000)
 ParOldGen       total 57856K, used 27771K [0x00000000c1a00000, 0x00000000c5280000, 0x00000000eb380000)
  object space 57856K, 48% used [0x00000000c1a00000,0x00000000c351ef08,0x00000000c5280000)
 Metaspace       used 11239K, capacity 11428K, committed 11648K, reserved 1058816K
  class space    used 1282K, capacity 1322K, committed 1408K, reserved 1048576K
}

