# JRE version: Java(TM) SE Runtime Environment (8.0_31-b13) (build 1.8.0_31-b13)
# Java VM: Java HotSpot(TM) 64-Bit Server VM (25.31-b07 mixed mode windows-amd64 compressed oops)
Heap:
 PSYoungGen      total 52736K, used 31974K [0x00000000eb380000, 0x00000000ef300000, 0x0000000100000000)
  eden space 41984K, 73% used [0x00000000eb380000,0x00000000ed175958,0x00000000edc80000)
  from space 10752K, 12% used [0x00000000ee700000,0x00000000ee843f98,0x00000000ef180000)
  to   space 10752K, 0% used [0x00000000edc80000,0x00000000edc80000,0x00000000ee700000)
 ParOldGen       total 128000K, used 58477K [0x00000000c1a00000, 0x00000000c9700000, 0x00000000eb380000)
  object space 128000K, 45% used [0x00000000c1a00000,0x00000000c531b5d0,0x00000000c9700000)
 Metaspace       used 11821K, capacity 11988K, committed 12160K, reserved 1060864K
  class space    used 1324K, capacity 1388K, committed 1408K, reserved 1048576K
GC Heap History (10 events):
Event: 10.308 GC heap before
{Heap before GC invocations=6 (full 1):
 PSYoungGen      total 33280K, used 33266K [0x00000000eb380000, 0x00000000ed800000, 0x0000000100000000)
  eden space 31744K, 100% used [0x00000000eb380000,0x00000000ed280000,0x00000000ed280000)
  from space 1536K, 99% used [0x00000000ed500000,0x00000000ed67cbb8,0x00000000ed680000)
  to   space 2560K, 0% used [0x00000000ed280000,0x00000000ed280000,0x00000000ed500000)
 ParOldGen       total 60416K, used 27572K [0x00000000c1a00000, 0x00000000c5500000, 0x00000000eb380000)
  object space 60416K, 45% used [0x00000000c1a00000,0x00000000c34ed398,0x00000000c5500000)
 Metaspace       used 11628K, capacity 11796K, committed 11904K, reserved 1060864K
  class space    used 1323K, capacity 1388K, committed 1408K, reserved 1048576K
Event: 10.319 GC heap after
Heap after GC invocations=6 (full 1):
 PSYoungGen      total 34304K, used 2557K [0x00000000eb380000, 0x00000000eea80000, 0x0000000100000000)
  eden space 31744K, 0% used [0x00000000eb380000,0x00000000eb380000,0x00000000ed280000)
  from space 2560K, 99% used [0x00000000ed280000,0x00000000ed4ff4e8,0x00000000ed500000)
  to   space 9216K, 0% used [0x00000000ee180000,0x00000000ee180000,0x00000000eea80000)
 ParOldGen       total 60416K, used 32547K [0x00000000c1a00000, 0x00000000c5500000, 0x00000000eb380000)
  object space 60416K, 53% used [0x00000000c1a00000,0x00000000c39c8d98,0x00000000c5500000)
 Metaspace       used 11628K, capacity 11796K, committed 11904K, reserved 1060864K
  class space    used 1323K, capacity 1388K, committed 1408K, reserved 1048576K
}
Event: 16.038 GC heap before
{Heap before GC invocations=7 (full 1):
 PSYoungGen      total 34304K, used 34301K [0x00000000eb380000, 0x00000000eea80000, 0x0000000100000000)
  eden space 31744K, 100% used [0x00000000eb380000,0x00000000ed280000,0x00000000ed280000)
  from space 2560K, 99% used [0x00000000ed280000,0x00000000ed4ff4e8,0x00000000ed500000)
  to   space 9216K, 0% used [0x00000000ee180000,0x00000000ee180000,0x00000000eea80000)
 ParOldGen       total 60416K, used 32547K [0x00000000c1a00000, 0x00000000c5500000, 0x00000000eb380000)
  object space 60416K, 53% used [0x00000000c1a00000,0x00000000c39c8d98,0x00000000c5500000)
 Metaspace       used 11717K, capacity 11924K, committed 12160K, reserved 1060864K
  class space    used 1323K, capacity 1388K, committed 1408K, reserved 1048576K
Event: 16.043 GC heap after
Heap after GC invocations=7 (full 1):
 PSYoungGen      total 46080K, used 5973K [0x00000000eb380000, 0x00000000eea80000, 0x0000000100000000)
  eden space 36864K, 0% used [0x00000000eb380000,0x00000000eb380000,0x00000000ed780000)
  from space 9216K, 64% used [0x00000000ee180000,0x00000000ee7555e0,0x00000000eea80000)
  to   space 9728K, 0% used [0x00000000ed780000,0x00000000ed780000,0x00000000ee100000)
 ParOldGen       total 60416K, used 32555K [0x00000000c1a00000, 0x00000000c5500000, 0x00000000eb380000)
  object space 60416K, 53% used [0x00000000c1a00000,0x00000000c39cad98,0x00000000c5500000)
 Metaspace       used 11717K, capacity 11924K, committed 12160K, reserved 1060864K
  class space    used 1323K, capacity 1388K, committed 1408K, reserved 1048576K
}
Event: 24.663 GC heap before
{Heap before GC invocations=8 (full 1):
 PSYoungGen      total 46080K, used 42837K [0x00000000eb380000, 0x00000000eea80000, 0x0000000100000000)
  eden space 36864K, 100% used [0x00000000eb380000,0x00000000ed780000,0x00000000ed780000)
  from space 9216K, 64% used [0x00000000ee180000,0x00000000ee7555e0,0x00000000eea80000)
  to   space 9728K, 0% used [0x00000000ed780000,0x00000000ed780000,0x00000000ee100000)
 ParOldGen       total 60416K, used 32555K [0x00000000c1a00000, 0x00000000c5500000, 0x00000000eb380000)
  object space 60416K, 53% used [0x00000000c1a00000,0x00000000c39cad98,0x00000000c5500000)
 Metaspace       used 11741K, capacity 11924K, committed 12160K, reserved 1060864K
  class space    used 1323K, capacity 1388K, committed 1408K, reserved 1048576K
Event: 24.669 GC heap after
Heap after GC invocations=8 (full 1):
 PSYoungGen      total 46592K, used 8440K [0x00000000eb380000, 0x00000000ef180000, 0x0000000100000000)
  eden space 36864K, 0% used [0x00000000eb380000,0x00000000eb380000,0x00000000ed780000)
  from space 9728K, 86% used [0x00000000ed780000,0x00000000edfbe1c8,0x00000000ee100000)
  to   space 10752K, 0% used [0x00000000ee700000,0x00000000ee700000,0x00000000ef180000)
 ParOldGen       total 60416K, used 32563K [0x00000000c1a00000, 0x00000000c5500000, 0x00000000eb380000)
  object space 60416K, 53% used [0x00000000c1a00000,0x00000000c39ccd98,0x00000000c5500000)
 Metaspace       used 11741K, capacity 11924K, committed 12160K, reserved 1060864K
  class space    used 1323K, capacity 1388K, committed 1408K, reserved 1048576K
}
Event: 30.309 GC heap before
{Heap before GC invocations=9 (full 2):
 PSYoungGen      total 46592K, used 45304K [0x00000000eb380000, 0x00000000ef180000, 0x0000000100000000)
  eden space 36864K, 100% used [0x00000000eb380000,0x00000000ed780000,0x00000000ed780000)
  from space 9728K, 86% used [0x00000000ed780000,0x00000000edfbe1c8,0x00000000ee100000)
  to   space 10752K, 0% used [0x00000000ee700000,0x00000000ee700000,0x00000000ef180000)
 ParOldGen       total 60416K, used 56452K [0x00000000c1a00000, 0x00000000c5500000, 0x00000000eb380000)
  object space 60416K, 93% used [0x00000000c1a00000,0x00000000c5121328,0x00000000c5500000)
 Metaspace       used 11755K, capacity 11924K, committed 12160K, reserved 1060864K
  class space    used 1323K, capacity 1388K, committed 1408K, reserved 1048576K
Event: 30.363 GC heap after
Heap after GC invocations=9 (full 2):
 PSYoungGen      total 46592K, used 0K [0x00000000eb380000, 0x00000000ef180000, 0x0000000100000000)
  eden space 36864K, 0% used [0x00000000eb380000,0x00000000eb380000,0x00000000ed780000)
  from space 9728K, 0% used [0x00000000ed780000,0x00000000ed780000,0x00000000ee100000)
  to   space 10752K, 0% used [0x00000000ee700000,0x00000000ee700000,0x00000000ef180000)
 ParOldGen       total 128000K, used 58469K [0x00000000c1a00000, 0x00000000c9700000, 0x00000000eb380000)
  object space 128000K, 45% used [0x00000000c1a00000,0x00000000c53195d0,0x00000000c9700000)
 Metaspace       used 11755K, capacity 11924K, committed 12160K, reserved 1060864K
  class space    used 1323K, capacity 1388K, committed 1408K, reserved 1048576K
}
Event: 34.538 GC heap before
{Heap before GC invocations=10 (full 2):
 PSYoungGen      total 46592K, used 36864K [0x00000000eb380000, 0x00000000ef180000, 0x0000000100000000)
  eden space 36864K, 100% used [0x00000000eb380000,0x00000000ed780000,0x00000000ed780000)
  from space 9728K, 0% used [0x00000000ed780000,0x00000000ed780000,0x00000000ee100000)
  to   space 10752K, 0% used [0x00000000ee700000,0x00000000ee700000,0x00000000ef180000)
 ParOldGen       total 128000K, used 58469K [0x00000000c1a00000, 0x00000000c9700000, 0x00000000eb380000)
  object space 128000K, 45% used [0x00000000c1a00000,0x00000000c53195d0,0x00000000c9700000)
 Metaspace       used 11799K, capacity 11988K, committed 12160K, reserved 1060864K
  class space    used 1323K, capacity 1388K, committed 1408K, reserved 1048576K
Event: 34.540 GC heap after
Heap after GC invocations=10 (full 2):
 PSYoungGen      total 52736K, used 1295K [0x00000000eb380000, 0x00000000ef300000, 0x0000000100000000)
  eden space 41984K, 0% used [0x00000000eb380000,0x00000000eb380000,0x00000000edc80000)
  from space 10752K, 12% used [0x00000000ee700000,0x00000000ee843f98,0x00000000ef180000)
  to   space 10752K, 0% used [0x00000000edc80000,0x00000000edc80000,0x00000000ee700000)
 ParOldGen       total 128000K, used 58477K [0x00000000c1a00000, 0x00000000c9700000, 0x00000000eb380000)
  object space 128000K, 45% used [0x00000000c1a00000,0x00000000c531b5d0,0x00000000c9700000)
 Metaspace       used 11799K, capacity 11988K, committed 12160K, reserved 1060864K
  class space    used 1323K, capacity 1388K, committed 1408K, reserved 1048576K
}

