# JRE version: Java(TM) SE Runtime Environment (8.0_31-b13) (build 1.8.0_31-b13)
# Java VM: Java HotSpot(TM) 64-Bit Server VM (25.31-b07 mixed mode windows-amd64 compressed oops)
Heap:
 PSYoungGen      total 68608K, used 27916K [0x00000000eb380000, 0x00000000f0180000, 0x0000000100000000)
  eden space 58368K, 42% used [0x00000000eb380000,0x00000000ecb92fe8,0x00000000eec80000)
  from space 10240K, 31% used [0x00000000eec80000,0x00000000eefb0328,0x00000000ef680000)
  to   space 9728K, 0% used [0x00000000ef800000,0x00000000ef800000,0x00000000f0180000)
 ParOldGen       total 93184K, used 30086K [0x00000000c1a00000, 0x00000000c7500000, 0x00000000eb380000)
  object space 93184K, 32% used [0x00000000c1a00000,0x00000000c3761a98,0x00000000c7500000)
 Metaspace       used 11773K, capacity 11924K, committed 12160K, reserved 1060864K
  class space    used 1331K, capacity 1388K, committed 1408K, reserved 1048576K
GC Heap History (10 events):
Event: 51.012 GC heap before
{Heap before GC invocations=17 (full 2):
 PSYoungGen      total 64000K, used 53198K [0x00000000eb380000, 0x00000000eff00000, 0x0000000100000000)
  eden space 52736K, 100% used [0x00000000eb380000,0x00000000ee700000,0x00000000ee700000)
  from space 11264K, 4% used [0x00000000ef400000,0x00000000ef473ba0,0x00000000eff00000)
  to   space 12288K, 0% used [0x00000000ee700000,0x00000000ee700000,0x00000000ef300000)
 ParOldGen       total 93184K, used 30075K [0x00000000c1a00000, 0x00000000c7500000, 0x00000000eb380000)
  object space 93184K, 32% used [0x00000000c1a00000,0x00000000c375ef78,0x00000000c7500000)
 Metaspace       used 11768K, capacity 11924K, committed 12160K, reserved 1060864K
  class space    used 1331K, capacity 1388K, committed 1408K, reserved 1048576K
Event: 51.014 GC heap after
Heap after GC invocations=17 (full 2):
 PSYoungGen      total 65024K, used 1295K [0x00000000eb380000, 0x00000000f0180000, 0x0000000100000000)
  eden space 52736K, 0% used [0x00000000eb380000,0x00000000eb380000,0x00000000ee700000)
  from space 12288K, 10% used [0x00000000ee700000,0x00000000ee843f98,0x00000000ef300000)
  to   space 11776K, 0% used [0x00000000ef600000,0x00000000ef600000,0x00000000f0180000)
 ParOldGen       total 93184K, used 30083K [0x00000000c1a00000, 0x00000000c7500000, 0x00000000eb380000)
  object space 93184K, 32% used [0x00000000c1a00000,0x00000000c3760f78,0x00000000c7500000)
 Metaspace       used 11768K, capacity 11924K, committed 12160K, reserved 1060864K
  class space    used 1331K, capacity 1388K, committed 1408K, reserved 1048576K
}
Event: 53.934 GC heap before
{Heap before GC invocations=18 (full 2):
 PSYoungGen      total 65024K, used 54031K [0x00000000eb380000, 0x00000000f0180000, 0x0000000100000000)
  eden space 52736K, 100% used [0x00000000eb380000,0x00000000ee700000,0x00000000ee700000)
  from space 12288K, 10% used [0x00000000ee700000,0x00000000ee843f98,0x00000000ef300000)
  to   space 11776K, 0% used [0x00000000ef600000,0x00000000ef600000,0x00000000f0180000)
 ParOldGen       total 93184K, used 30083K [0x00000000c1a00000, 0x00000000c7500000, 0x00000000eb380000)
  object space 93184K, 32% used [0x00000000c1a00000,0x00000000c3760f78,0x00000000c7500000)
 Metaspace       used 11770K, capacity 11924K, committed 12160K, reserved 1060864K
  class space    used 1331K, capacity 1388K, committed 1408K, reserved 1048576K
Event: 53.937 GC heap after
Heap after GC invocations=18 (full 2):
 PSYoungGen      total 67072K, used 1901K [0x00000000eb380000, 0x00000000f0080000, 0x0000000100000000)
  eden space 56320K, 0% used [0x00000000eb380000,0x00000000eb380000,0x00000000eea80000)
  from space 10752K, 17% used [0x00000000ef600000,0x00000000ef7db6d8,0x00000000f0080000)
  to   space 11264K, 0% used [0x00000000eea80000,0x00000000eea80000,0x00000000ef580000)
 ParOldGen       total 93184K, used 30083K [0x00000000c1a00000, 0x00000000c7500000, 0x00000000eb380000)
  object space 93184K, 32% used [0x00000000c1a00000,0x00000000c3760f78,0x00000000c7500000)
 Metaspace       used 11770K, capacity 11924K, committed 12160K, reserved 1060864K
  class space    used 1331K, capacity 1388K, committed 1408K, reserved 1048576K
}
Event: 56.947 GC heap before
{Heap before GC invocations=19 (full 2):
 PSYoungGen      total 67072K, used 58221K [0x00000000eb380000, 0x00000000f0080000, 0x0000000100000000)
  eden space 56320K, 100% used [0x00000000eb380000,0x00000000eea80000,0x00000000eea80000)
  from space 10752K, 17% used [0x00000000ef600000,0x00000000ef7db6d8,0x00000000f0080000)
  to   space 11264K, 0% used [0x00000000eea80000,0x00000000eea80000,0x00000000ef580000)
 ParOldGen       total 93184K, used 30083K [0x00000000c1a00000, 0x00000000c7500000, 0x00000000eb380000)
  object space 93184K, 32% used [0x00000000c1a00000,0x00000000c3760f78,0x00000000c7500000)
 Metaspace       used 11772K, capacity 11924K, committed 12160K, reserved 1060864K
  class space    used 1331K, capacity 1388K, committed 1408K, reserved 1048576K
Event: 56.948 GC heap after
Heap after GC invocations=19 (full 2):
 PSYoungGen      total 67584K, used 2204K [0x00000000eb380000, 0x00000000f0180000, 0x0000000100000000)
  eden space 56320K, 0% used [0x00000000eb380000,0x00000000eb380000,0x00000000eea80000)
  from space 11264K, 19% used [0x00000000eea80000,0x00000000eeca7278,0x00000000ef580000)
  to   space 10752K, 0% used [0x00000000ef700000,0x00000000ef700000,0x00000000f0180000)
 ParOldGen       total 93184K, used 30083K [0x00000000c1a00000, 0x00000000c7500000, 0x00000000eb380000)
  object space 93184K, 32% used [0x00000000c1a00000,0x00000000c3760f78,0x00000000c7500000)
 Metaspace       used 11772K, capacity 11924K, committed 12160K, reserved 1060864K
  class space    used 1331K, capacity 1388K, committed 1408K, reserved 1048576K
}
Event: 60.048 GC heap before
{Heap before GC invocations=20 (full 2):
 PSYoungGen      total 67584K, used 58524K [0x00000000eb380000, 0x00000000f0180000, 0x0000000100000000)
  eden space 56320K, 100% used [0x00000000eb380000,0x00000000eea80000,0x00000000eea80000)
  from space 11264K, 19% used [0x00000000eea80000,0x00000000eeca7278,0x00000000ef580000)
  to   space 10752K, 0% used [0x00000000ef700000,0x00000000ef700000,0x00000000f0180000)
 ParOldGen       total 93184K, used 30084K [0x00000000c1a00000, 0x00000000c7500000, 0x00000000eb380000)
  object space 93184K, 32% used [0x00000000c1a00000,0x00000000c3761010,0x00000000c7500000)
 Metaspace       used 11773K, capacity 11924K, committed 12160K, reserved 1060864K
  class space    used 1331K, capacity 1388K, committed 1408K, reserved 1048576K
Event: 60.051 GC heap after
Heap after GC invocations=20 (full 2):
 PSYoungGen      total 68096K, used 2886K [0x00000000eb380000, 0x00000000f0080000, 0x0000000100000000)
  eden space 58368K, 0% used [0x00000000eb380000,0x00000000eb380000,0x00000000eec80000)
  from space 9728K, 29% used [0x00000000ef700000,0x00000000ef9d18a0,0x00000000f0080000)
  to   space 10240K, 0% used [0x00000000eec80000,0x00000000eec80000,0x00000000ef680000)
 ParOldGen       total 93184K, used 30084K [0x00000000c1a00000, 0x00000000c7500000, 0x00000000eb380000)
  object space 93184K, 32% used [0x00000000c1a00000,0x00000000c3761010,0x00000000c7500000)
 Metaspace       used 11773K, capacity 11924K, committed 12160K, reserved 1060864K
  class space    used 1331K, capacity 1388K, committed 1408K, reserved 1048576K
}
Event: 63.307 GC heap before
{Heap before GC invocations=21 (full 2):
 PSYoungGen      total 68096K, used 61254K [0x00000000eb380000, 0x00000000f0080000, 0x0000000100000000)
  eden space 58368K, 100% used [0x00000000eb380000,0x00000000eec80000,0x00000000eec80000)
  from space 9728K, 29% used [0x00000000ef700000,0x00000000ef9d18a0,0x00000000f0080000)
  to   space 10240K, 0% used [0x00000000eec80000,0x00000000eec80000,0x00000000ef680000)
 ParOldGen       total 93184K, used 30086K [0x00000000c1a00000, 0x00000000c7500000, 0x00000000eb380000)
  object space 93184K, 32% used [0x00000000c1a00000,0x00000000c3761a98,0x00000000c7500000)
 Metaspace       used 11773K, capacity 11924K, committed 12160K, reserved 1060864K
  class space    used 1331K, capacity 1388K, committed 1408K, reserved 1048576K
Event: 63.309 GC heap after
Heap after GC invocations=21 (full 2):
 PSYoungGen      total 68608K, used 3264K [0x00000000eb380000, 0x00000000f0180000, 0x0000000100000000)
  eden space 58368K, 0% used [0x00000000eb380000,0x00000000eb380000,0x00000000eec80000)
  from space 10240K, 31% used [0x00000000eec80000,0x00000000eefb0328,0x00000000ef680000)
  to   space 9728K, 0% used [0x00000000ef800000,0x00000000ef800000,0x00000000f0180000)
 ParOldGen       total 93184K, used 30086K [0x00000000c1a00000, 0x00000000c7500000, 0x00000000eb380000)
  object space 93184K, 32% used [0x00000000c1a00000,0x00000000c3761a98,0x00000000c7500000)
 Metaspace       used 11773K, capacity 11924K, committed 12160K, reserved 1060864K
  class space    used 1331K, capacity 1388K, committed 1408K, reserved 1048576K
}

